{
  "RSpec": {
    "coverage": {
      "/home/tim/dbc/BJR-1/BackJackRacer/config/environment.rb": [
        null,
        1,
        null,
        null,
        1,
        null,
        1
      ],
      "/home/tim/dbc/BJR-1/BackJackRacer/config/application.rb": [
        1,
        null,
        null,
        1,
        1,
        1,
        1,
        1,
        1,
        null,
        null,
        null,
        null,
        1,
        null,
        1,
        1,
        null,
        null,
        null,
        null,
        null,
        null,
        null,
        null,
        null,
        null,
        null,
        null,
        null
      ],
      "/home/tim/dbc/BJR-1/BackJackRacer/config/boot.rb": [
        null,
        1,
        null,
        1
      ],
      "/home/tim/dbc/BJR-1/BackJackRacer/config/environments/test.rb": [
        1,
        null,
        null,
        null,
        null,
        null,
        null,
        1,
        null,
        null,
        null,
        null,
        1,
        null,
        null,
        1,
        1,
        null,
        null,
        1,
        1,
        null,
        null,
        1,
        null,
        null,
        1,
        null,
        null,
        null,
        null,
        1,
        null,
        null,
        1,
        null,
        null,
        null,
        null
      ],
      "/home/tim/dbc/BJR-1/BackJackRacer/config/initializers/backtrace_silencers.rb": [
        null,
        null,
        null,
        null,
        null,
        null,
        null
      ],
      "/home/tim/dbc/BJR-1/BackJackRacer/config/initializers/cookies_serializer.rb": [
        null,
        null,
        1
      ],
      "/home/tim/dbc/BJR-1/BackJackRacer/config/initializers/filter_parameter_logging.rb": [
        null,
        null,
        null,
        1
      ],
      "/home/tim/dbc/BJR-1/BackJackRacer/config/initializers/inflections.rb": [
        null,
        null,
        null,
        null,
        null,
        null,
        null,
        null,
        null,
        null,
        null,
        null,
        null,
        null,
        null,
        null
      ],
      "/home/tim/dbc/BJR-1/BackJackRacer/config/initializers/mime_types.rb": [
        null,
        null,
        null,
        null
      ],
      "/home/tim/dbc/BJR-1/BackJackRacer/config/initializers/session_store.rb": [
        null,
        null,
        1
      ],
      "/home/tim/dbc/BJR-1/BackJackRacer/config/initializers/wrap_parameters.rb": [
        null,
        null,
        null,
        null,
        null,
        null,
        1,
        1,
        null,
        null,
        null,
        null,
        null,
        null
      ],
      "/home/tim/dbc/BJR-1/BackJackRacer/spec/factories.rb": [
        1,
        1,
        1,
        3,
        3,
        3,
        3,
        null,
        null
      ],
      "/home/tim/dbc/BJR-1/BackJackRacer/config/routes.rb": [
        1,
        null,
        1,
        null,
        1,
        null,
        1,
        null,
        1,
        null,
        1,
        null,
        null
      ],
      "/home/tim/dbc/BJR-1/BackJackRacer/app/helpers/application_helper.rb": [
        1,
        1,
        0,
        null,
        null
      ],
      "/home/tim/dbc/BJR-1/BackJackRacer/app/helpers/rounds_helper.rb": [
        1,
        null
      ],
      "/home/tim/dbc/BJR-1/BackJackRacer/app/helpers/users_helper.rb": [
        1,
        null
      ],
      "/home/tim/dbc/BJR-1/BackJackRacer/spec/features/round_spec.rb": [
        1,
        null,
        1,
        1,
        2,
        1,
        1,
        1,
        0,
        null,
        null,
        null
      ],
      "/home/tim/dbc/BJR-1/BackJackRacer/spec/features/user_spec.rb": [
        1,
        null,
        1,
        null,
        1,
        2,
        1,
        1,
        1,
        1,
        1,
        1,
        1,
        null,
        null,
        null
      ],
      "/home/tim/dbc/BJR-1/BackJackRacer/app/models/user.rb": [
        1,
        null,
        1,
        null,
        1,
        1,
        1,
        null,
        1,
        null,
        null
      ],
      "/home/tim/dbc/BJR-1/BackJackRacer/app/controllers/rounds_controller.rb": [
        1,
        null,
        null,
        1,
        null,
        null,
        null,
        1,
        1,
        0,
        null,
        null,
        1,
        null,
        null,
        null,
        null,
        null
      ],
      "/home/tim/dbc/BJR-1/BackJackRacer/app/controllers/application_controller.rb": [
        1,
        null,
        null,
        1,
        null
      ],
      "/home/tim/dbc/BJR-1/BackJackRacer/app/models/round.rb": [
        1,
        1,
        1,
        1,
        null
      ],
      "/home/tim/dbc/BJR-1/BackJackRacer/app/controllers/users_controller.rb": [
        1,
        null,
        1,
        null,
        null,
        null,
        1,
        1,
        1,
        1,
        0,
        null,
        1,
        1,
        null,
        null,
        null,
        1,
        0,
        0,
        0,
        0,
        null,
        0,
        0,
        null,
        null,
        null,
        1,
        null,
        1,
        0,
        null,
        null,
        null
      ]
    },
    "timestamp": 1403981967
  }
}
